<?xml version="1.0" encoding="UTF-8"?>
<!-- Generated by org.testng.reporters.JUnitXMLReporter -->
<testsuite ignored="3" hostname="DESKTOP-NFV7UOU" failures="0" tests="1" name="Default test" time="93.541" errors="0" timestamp="2024-12-20T22:50:02 IST">
  <testcase classname="tests.POC_1" name="generateDynamicExcelsheet" time="93.465"/>
  <testcase classname="tests.POC_1" name="createExcelsheet" time="0.0">
    <ignored/>
  </testcase> <!-- createExcelsheet -->
  <testcase classname="tests.POC_1" name="poc11" time="0.0">
    <ignored/>
  </testcase> <!-- poc11 -->
  <testcase classname="tests.POC_1" name="getData" time="0.0">
    <ignored/>
  </testcase> <!-- getData -->
</testsuite> <!-- Default test -->
