<?xml version="1.0" encoding="UTF-8"?>
<!-- Generated by org.testng.reporters.JUnitXMLReporter -->
<testsuite ignored="0" hostname="DESKTOP-NFV7UOU" failures="1" tests="2" name="ChangePasswordPageTest" time="14.66" errors="0" timestamp="2024-12-18T22:22:42 IST">
  <testcase classname="tests.ChangePasswordPageTest" name="clickOnchangePassword" time="14.632">
    <failure type="java.lang.NullPointerException" message="Cannot invoke &amp;quot;org.openqa.selenium.WebElement.isDisplayed()&amp;quot; because &amp;quot;element&amp;quot; is null">
      <![CDATA[java.lang.NullPointerException: Cannot invoke "org.openqa.selenium.WebElement.isDisplayed()" because "element" is null
at org.openqa.selenium.support.ui.ExpectedConditions.elementIfVisible(ExpectedConditions.java:304)
at org.openqa.selenium.support.ui.ExpectedConditions$10.apply(ExpectedConditions.java:290)
at org.openqa.selenium.support.ui.ExpectedConditions$10.apply(ExpectedConditions.java:287)
at org.openqa.selenium.support.ui.FluentWait.until(FluentWait.java:203)
at commonMethod.AbstractMethod.WaitForElementtoPresent(AbstractMethod.java:27)
at commonMethod.AbstractMethod.sendKeysbyActionMethod(AbstractMethod.java:46)
at pageObjects.ChangePasswordPage.ChangeUserPassword(ChangePasswordPage.java:54)
at tests.ChangePasswordPageTest.clickOnchangePassword(ChangePasswordPageTest.java:29)
at java.base/java.util.ArrayList.forEach(ArrayList.java:1596)
... Removed 25 stack frames]]>
    </failure>
  </testcase> <!-- clickOnchangePassword -->
  <testcase classname="tests.ChangePasswordPageTest" name="changeUserPassword" time="0.0">
    <skipped/>
  </testcase> <!-- changeUserPassword -->
</testsuite> <!-- ChangePasswordPageTest -->
