<?xml version="1.0" encoding="UTF-8"?>
<!-- Generated by org.testng.reporters.JUnitXMLReporter -->
<testsuite ignored="1" hostname="DESKTOP-NFV7UOU" failures="1" tests="1" name="ChangePasswordPageTest" time="22.379" errors="0" timestamp="2024-12-19T00:07:45 IST">
  <testcase classname="tests.ChangePasswordPageTest" name="clickOnchangePassword" time="22.379">
    <failure type="java.lang.NullPointerException" message="Cannot invoke &amp;quot;org.openqa.selenium.WebElement.isDisplayed()&amp;quot; because &amp;quot;element&amp;quot; is null">
      <![CDATA[java.lang.NullPointerException: Cannot invoke "org.openqa.selenium.WebElement.isDisplayed()" because "element" is null
at org.openqa.selenium.support.ui.ExpectedConditions.elementIfVisible(ExpectedConditions.java:304)
at org.openqa.selenium.support.ui.ExpectedConditions$10.apply(ExpectedConditions.java:290)
at org.openqa.selenium.support.ui.ExpectedConditions$10.apply(ExpectedConditions.java:287)
at org.openqa.selenium.support.ui.FluentWait.until(FluentWait.java:203)
at commonMethod.AbstractMethod.WaitForElementtoPresent(AbstractMethod.java:28)
at commonMethod.AbstractMethod.sendValueIntoTextBox(AbstractMethod.java:37)
at pageObjects.ChangePasswordPage.changePasswordofUser(ChangePasswordPage.java:47)
at tests.ChangePasswordPageTest.clickOnchangePassword(ChangePasswordPageTest.java:27)
at java.base/java.util.ArrayList.forEach(ArrayList.java:1596)
... Removed 25 stack frames]]>
    </failure>
  </testcase> <!-- clickOnchangePassword -->
  <testcase classname="tests.ChangePasswordPageTest" name="changeUserPassword" time="0.0">
    <ignored/>
  </testcase> <!-- changeUserPassword -->
</testsuite> <!-- ChangePasswordPageTest -->
