<?xml version="1.0" encoding="UTF-8"?>
<!-- Generated by org.testng.reporters.JUnitXMLReporter -->
<testsuite ignored="0" hostname="DESKTOP-NFV7UOU" failures="1" tests="1" name="HomePageTest" time="13.71" errors="0" timestamp="2024-12-18T22:22:56 IST">
  <testcase classname="tests.HomePageTest" name="logoutFromApplication" time="13.71">
    <failure type="java.lang.NullPointerException" message="Cannot invoke &amp;quot;org.openqa.selenium.WebDriver.getClass()&amp;quot; because &amp;quot;exceptionDriver&amp;quot; is null">
      <![CDATA[java.lang.NullPointerException: Cannot invoke "org.openqa.selenium.WebDriver.getClass()" because "exceptionDriver" is null
at org.openqa.selenium.support.ui.WebDriverWait.timeoutException(WebDriverWait.java:85)
at org.openqa.selenium.support.ui.FluentWait.until(FluentWait.java:228)
at commonMethod.AbstractMethod.WaitForElementTobeClickable(AbstractMethod.java:22)
at commonMethod.AbstractMethod.clickOnButton(AbstractMethod.java:41)
at pageObjects.HomePage.logoutFromApplication(HomePage.java:50)
at tests.HomePageTest.logoutFromApplication(HomePageTest.java:21)
at java.base/java.util.ArrayList.forEach(ArrayList.java:1596)
... Removed 25 stack frames]]>
    </failure>
  </testcase> <!-- logoutFromApplication -->
</testsuite> <!-- HomePageTest -->
