<?xml version="1.0" encoding="UTF-8"?>
<testng-results ignored="0" total="1" passed="1" failed="0" skipped="0">
  <reporter-output>
  </reporter-output>
  <suite started-at="2024-12-20T22:48:29 IST" name="Default suite" finished-at="2024-12-20T22:50:02 IST" duration-ms="93541">
    <groups>
    </groups>
    <test started-at="2024-12-20T22:48:29 IST" name="Default test" finished-at="2024-12-20T22:50:02 IST" duration-ms="93541">
      <class name="tests.POC_1">
        <test-method signature="generateDynamicExcelsheet()[pri:0, instance:tests.POC_1@692f203f]" started-at="2024-12-20T22:48:29 IST" name="generateDynamicExcelsheet" finished-at="2024-12-20T22:50:02 IST" duration-ms="93465" status="PASS">
          <reporter-output>
          </reporter-output>
        </test-method> <!-- generateDynamicExcelsheet -->
      </class> <!-- tests.POC_1 -->
    </test> <!-- Default test -->
  </suite> <!-- Default suite -->
</testng-results>
